# JRE version: Java(TM) SE Runtime Environment (8.0_74-b02) (build 1.8.0_74-b02)
# Java VM: Java HotSpot(TM) 64-Bit Server VM (25.74-b02 mixed mode bsd-amd64 compressed oops)
Heap:
 PSYoungGen      total 3162112K, used 207077K [0x00000006eab00000, 0x00000007c0000000, 0x00000007c0000000)
  eden space 2832896K, 0% used [0x00000006eab00000,0x00000006eab00000,0x0000000797980000)
  from space 329216K, 62% used [0x0000000797980000,0x00000007a43b95d0,0x00000007abb00000)
  to   space 320000K, 0% used [0x00000007ac780000,0x00000007ac780000,0x00000007c0000000)
 ParOldGen       total 6990848K, used 443231K [0x0000000540000000, 0x00000006eab00000, 0x00000006eab00000)
  object space 6990848K, 6% used [0x0000000540000000,0x000000055b0d7e40,0x00000006eab00000)
 Metaspace       used 236718K, capacity 239829K, committed 240240K, reserved 1251328K
  class space    used 36953K, capacity 38155K, committed 38312K, reserved 1048576K
GC Heap History (10 events):
Event: 1522.090 GC heap after
Heap after GC invocations=38 (full 5):
 PSYoungGen      total 3032576K, used 228662K [0x00000006eab00000, 0x00000007c0000000, 0x00000007c0000000)
  eden space 2803712K, 0% used [0x00000006eab00000,0x00000006eab00000,0x0000000795d00000)
  from space 228864K, 99% used [0x0000000795d00000,0x00000007a3c4d870,0x00000007a3c80000)
  to   space 346112K, 0% used [0x00000007aae00000,0x00000007aae00000,0x00000007c0000000)
 ParOldGen       total 6990848K, used 403576K [0x0000000540000000, 0x00000006eab00000, 0x00000006eab00000)
  object space 6990848K, 5% used [0x0000000540000000,0x0000000558a1e1f8,0x00000006eab00000)
 Metaspace       used 228353K, capacity 231319K, committed 231792K, reserved 1245184K
  class space    used 35633K, capacity 36806K, committed 37032K, reserved 1048576K
}
Event: 1683.060 GC heap before
{Heap before GC invocations=39 (full 5):
 PSYoungGen      total 3032576K, used 3032374K [0x00000006eab00000, 0x00000007c0000000, 0x00000007c0000000)
  eden space 2803712K, 100% used [0x00000006eab00000,0x0000000795d00000,0x0000000795d00000)
  from space 228864K, 99% used [0x0000000795d00000,0x00000007a3c4d870,0x00000007a3c80000)
  to   space 346112K, 0% used [0x00000007aae00000,0x00000007aae00000,0x00000007c0000000)
 ParOldGen       total 6990848K, used 403576K [0x0000000540000000, 0x00000006eab00000, 0x00000006eab00000)
  object space 6990848K, 5% used [0x0000000540000000,0x0000000558a1e1f8,0x00000006eab00000)
 Metaspace       used 232409K, capacity 235501K, committed 236016K, reserved 1247232K
  class space    used 36281K, capacity 37487K, committed 37672K, reserved 1048576K
Event: 1683.227 GC heap after
Heap after GC invocations=39 (full 5):
 PSYoungGen      total 3155968K, used 212930K [0x00000006eab00000, 0x00000007c0000000, 0x00000007c0000000)
  eden space 2809856K, 0% used [0x00000006eab00000,0x00000006eab00000,0x0000000796300000)
  from space 346112K, 61% used [0x00000007aae00000,0x00000007b7df0a70,0x00000007c0000000)
  to   space 338944K, 0% used [0x0000000796300000,0x0000000796300000,0x00000007aae00000)
 ParOldGen       total 6990848K, used 421091K [0x0000000540000000, 0x00000006eab00000, 0x00000006eab00000)
  object space 6990848K, 6% used [0x0000000540000000,0x0000000559b38e78,0x00000006eab00000)
 Metaspace       used 232409K, capacity 235501K, committed 236016K, reserved 1247232K
  class space    used 36281K, capacity 37487K, committed 37672K, reserved 1048576K
}
Event: 1708.967 GC heap before
{Heap before GC invocations=40 (full 5):
 PSYoungGen      total 3155968K, used 3022786K [0x00000006eab00000, 0x00000007c0000000, 0x00000007c0000000)
  eden space 2809856K, 100% used [0x00000006eab00000,0x0000000796300000,0x0000000796300000)
  from space 346112K, 61% used [0x00000007aae00000,0x00000007b7df0a70,0x00000007c0000000)
  to   space 338944K, 0% used [0x0000000796300000,0x0000000796300000,0x00000007aae00000)
 ParOldGen       total 6990848K, used 421091K [0x0000000540000000, 0x00000006eab00000, 0x00000006eab00000)
  object space 6990848K, 6% used [0x0000000540000000,0x0000000559b38e78,0x00000006eab00000)
 Metaspace       used 233740K, capacity 236813K, committed 237296K, reserved 1249280K
  class space    used 36491K, capacity 37695K, committed 37928K, reserved 1048576K
Event: 1709.128 GC heap after
Heap after GC invocations=40 (full 5):
 PSYoungGen      total 3148800K, used 213536K [0x00000006eab00000, 0x00000007c0000000, 0x00000007c0000000)
  eden space 2809856K, 0% used [0x00000006eab00000,0x00000006eab00000,0x0000000796300000)
  from space 338944K, 63% used [0x0000000796300000,0x00000007a3388150,0x00000007aae00000)
  to   space 332800K, 0% used [0x00000007abb00000,0x00000007abb00000,0x00000007c0000000)
 ParOldGen       total 6990848K, used 430808K [0x0000000540000000, 0x00000006eab00000, 0x00000006eab00000)
  object space 6990848K, 6% used [0x0000000540000000,0x000000055a4b62e8,0x00000006eab00000)
 Metaspace       used 233740K, capacity 236813K, committed 237296K, reserved 1249280K
  class space    used 36491K, capacity 37695K, committed 37928K, reserved 1048576K
}
Event: 1781.903 GC heap before
{Heap before GC invocations=41 (full 5):
 PSYoungGen      total 3148800K, used 3023392K [0x00000006eab00000, 0x00000007c0000000, 0x00000007c0000000)
  eden space 2809856K, 100% used [0x00000006eab00000,0x0000000796300000,0x0000000796300000)
  from space 338944K, 63% used [0x0000000796300000,0x00000007a3388150,0x00000007aae00000)
  to   space 332800K, 0% used [0x00000007abb00000,0x00000007abb00000,0x00000007c0000000)
 ParOldGen       total 6990848K, used 430808K [0x0000000540000000, 0x00000006eab00000, 0x00000006eab00000)
  object space 6990848K, 6% used [0x0000000540000000,0x000000055a4b62e8,0x00000006eab00000)
 Metaspace       used 236717K, capacity 239829K, committed 240240K, reserved 1251328K
  class space    used 36953K, capacity 38155K, committed 38312K, reserved 1048576K
Event: 1782.022 GC heap after
Heap after GC invocations=41 (full 5):
 PSYoungGen      total 3165696K, used 220961K [0x00000006eab00000, 0x00000007c0000000, 0x00000007c0000000)
  eden space 2832896K, 0% used [0x00000006eab00000,0x00000006eab00000,0x0000000797980000)
  from space 332800K, 66% used [0x00000007abb00000,0x00000007b92c8698,0x00000007c0000000)
  to   space 329216K, 0% used [0x0000000797980000,0x0000000797980000,0x00000007abb00000)
 ParOldGen       total 6990848K, used 433002K [0x0000000540000000, 0x00000006eab00000, 0x00000006eab00000)
  object space 6990848K, 6% used [0x0000000540000000,0x000000055a6daa78,0x00000006eab00000)
 Metaspace       used 236717K, capacity 239829K, committed 240240K, reserved 1251328K
  class space    used 36953K, capacity 38155K, committed 38312K, reserved 1048576K
}
Event: 1811.435 GC heap before
{Heap before GC invocations=42 (full 5):
 PSYoungGen      total 3165696K, used 379026K [0x00000006eab00000, 0x00000007c0000000, 0x00000007c0000000)
  eden space 2832896K, 5% used [0x00000006eab00000,0x00000006f455c398,0x0000000797980000)
  from space 332800K, 66% used [0x00000007abb00000,0x00000007b92c8698,0x00000007c0000000)
  to   space 329216K, 0% used [0x0000000797980000,0x0000000797980000,0x00000007abb00000)
 ParOldGen       total 6990848K, used 433002K [0x0000000540000000, 0x00000006eab00000, 0x00000006eab00000)
  object space 6990848K, 6% used [0x0000000540000000,0x000000055a6daa78,0x00000006eab00000)
 Metaspace       used 236718K, capacity 239829K, committed 240240K, reserved 1251328K
  class space    used 36953K, capacity 38155K, committed 38312K, reserved 1048576K
Event: 1811.551 GC heap after
Heap after GC invocations=42 (full 5):
 PSYoungGen      total 3162112K, used 207077K [0x00000006eab00000, 0x00000007c0000000, 0x00000007c0000000)
  eden space 2832896K, 0% used [0x00000006eab00000,0x00000006eab00000,0x0000000797980000)
  from space 329216K, 62% used [0x0000000797980000,0x00000007a43b95d0,0x00000007abb00000)
  to   space 320000K, 0% used [0x00000007ac780000,0x00000007ac780000,0x00000007c0000000)
 ParOldGen       total 6990848K, used 443231K [0x0000000540000000, 0x00000006eab00000, 0x00000006eab00000)
  object space 6990848K, 6% used [0x0000000540000000,0x000000055b0d7e40,0x00000006eab00000)
 Metaspace       used 236718K, capacity 239829K, committed 240240K, reserved 1251328K
  class space    used 36953K, capacity 38155K, committed 38312K, reserved 1048576K
}
Event: 1811.551 GC heap before
{Heap before GC invocations=43 (full 6):
 PSYoungGen      total 3162112K, used 207077K [0x00000006eab00000, 0x00000007c0000000, 0x00000007c0000000)
  eden space 2832896K, 0% used [0x00000006eab00000,0x00000006eab00000,0x0000000797980000)
  from space 329216K, 62% used [0x0000000797980000,0x00000007a43b95d0,0x00000007abb00000)
  to   space 320000K, 0% used [0x00000007ac780000,0x00000007ac780000,0x00000007c0000000)
 ParOldGen       total 6990848K, used 443231K [0x0000000540000000, 0x00000006eab00000, 0x00000006eab00000)
  object space 6990848K, 6% used [0x0000000540000000,0x000000055b0d7e40,0x00000006eab00000)
 Metaspace       used 236718K, capacity 239829K, committed 240240K, reserved 1251328K
  class space    used 36953K, capacity 38155K, committed 38312K, reserved 1048576K

